# JRE version: Java(TM) SE Runtime Environment (8.0_65-b17) (build 1.8.0_65-b17)
# Java VM: Java HotSpot(TM) 64-Bit Server VM (25.65-b01 mixed mode windows-amd64 compressed oops)
Heap:
 PSYoungGen      total 138752K, used 68683K [0x00000000d6f00000, 0x00000000e2c80000, 0x0000000100000000)
  eden space 126464K, 47% used [0x00000000d6f00000,0x00000000da9b67b0,0x00000000dea80000)
  from space 12288K, 69% used [0x00000000dea80000,0x00000000df2dc700,0x00000000df680000)
  to   space 13824K, 0% used [0x00000000e1f00000,0x00000000e1f00000,0x00000000e2c80000)
 ParOldGen       total 60416K, used 24072K [0x0000000084c00000, 0x0000000088700000, 0x00000000d6f00000)
  object space 60416K, 39% used [0x0000000084c00000,0x0000000086382010,0x0000000088700000)
 Metaspace       used 48610K, capacity 49422K, committed 49792K, reserved 1093632K
  class space    used 6245K, capacity 6430K, committed 6528K, reserved 1048576K
GC Heap History (10 events):
Event: 9.539 GC heap before
{Heap before GC invocations=9 (full 1):
 PSYoungGen      total 138752K, used 136495K [0x00000000d6f00000, 0x00000000e0300000, 0x0000000100000000)
  eden space 126464K, 100% used [0x00000000d6f00000,0x00000000dea80000,0x00000000dea80000)
  from space 12288K, 81% used [0x00000000dea80000,0x00000000df44bc40,0x00000000df680000)
  to   space 11776K, 0% used [0x00000000df680000,0x00000000df680000,0x00000000e0200000)
 ParOldGen       total 60416K, used 14651K [0x0000000084c00000, 0x0000000088700000, 0x00000000d6f00000)
  object space 60416K, 24% used [0x0000000084c00000,0x0000000085a4edd8,0x0000000088700000)
 Metaspace       used 31087K, capacity 31806K, committed 32000K, reserved 1077248K
  class space    used 3927K, capacity 4090K, committed 4096K, reserved 1048576K
Event: 9.564 GC heap after
Heap after GC invocations=9 (full 1):
 PSYoungGen      total 138240K, used 10293K [0x00000000d6f00000, 0x00000000e0300000, 0x0000000100000000)
  eden space 126464K, 0% used [0x00000000d6f00000,0x00000000d6f00000,0x00000000dea80000)
  from space 11776K, 87% used [0x00000000df680000,0x00000000e008d6d8,0x00000000e0200000)
  to   space 12288K, 0% used [0x00000000dea80000,0x00000000dea80000,0x00000000df680000)
 ParOldGen       total 60416K, used 14659K [0x0000000084c00000, 0x0000000088700000, 0x00000000d6f00000)
  object space 60416K, 24% used [0x0000000084c00000,0x0000000085a50dd8,0x0000000088700000)
 Metaspace       used 31087K, capacity 31806K, committed 32000K, reserved 1077248K
  class space    used 3927K, capacity 4090K, committed 4096K, reserved 1048576K
}
Event: 10.130 GC heap before
{Heap before GC invocations=10 (full 1):
 PSYoungGen      total 138240K, used 32148K [0x00000000d6f00000, 0x00000000e0300000, 0x0000000100000000)
  eden space 126464K, 17% used [0x00000000d6f00000,0x00000000d8457bd8,0x00000000dea80000)
  from space 11776K, 87% used [0x00000000df680000,0x00000000e008d6d8,0x00000000e0200000)
  to   space 12288K, 0% used [0x00000000dea80000,0x00000000dea80000,0x00000000df680000)
 ParOldGen       total 60416K, used 14659K [0x0000000084c00000, 0x0000000088700000, 0x00000000d6f00000)
  object space 60416K, 24% used [0x0000000084c00000,0x0000000085a50dd8,0x0000000088700000)
 Metaspace       used 34593K, capacity 35262K, committed 35496K, reserved 1081344K
  class space    used 4198K, capacity 4346K, committed 4352K, reserved 1048576K
Event: 10.146 GC heap after
Heap after GC invocations=10 (full 1):
 PSYoungGen      total 138752K, used 11580K [0x00000000d6f00000, 0x00000000e0300000, 0x0000000100000000)
  eden space 126464K, 0% used [0x00000000d6f00000,0x00000000d6f00000,0x00000000dea80000)
  from space 12288K, 94% used [0x00000000dea80000,0x00000000df5cf1b0,0x00000000df680000)
  to   space 11776K, 0% used [0x00000000df680000,0x00000000df680000,0x00000000e0200000)
 ParOldGen       total 60416K, used 14667K [0x0000000084c00000, 0x0000000088700000, 0x00000000d6f00000)
  object space 60416K, 24% used [0x0000000084c00000,0x0000000085a52dd8,0x0000000088700000)
 Metaspace       used 34593K, capacity 35262K, committed 35496K, reserved 1081344K
  class space    used 4198K, capacity 4346K, committed 4352K, reserved 1048576K
}
Event: 10.147 GC heap before
{Heap before GC invocations=11 (full 2):
 PSYoungGen      total 138752K, used 11580K [0x00000000d6f00000, 0x00000000e0300000, 0x0000000100000000)
  eden space 126464K, 0% used [0x00000000d6f00000,0x00000000d6f00000,0x00000000dea80000)
  from space 12288K, 94% used [0x00000000dea80000,0x00000000df5cf1b0,0x00000000df680000)
  to   space 11776K, 0% used [0x00000000df680000,0x00000000df680000,0x00000000e0200000)
 ParOldGen       total 60416K, used 14667K [0x0000000084c00000, 0x0000000088700000, 0x00000000d6f00000)
  object space 60416K, 24% used [0x0000000084c00000,0x0000000085a52dd8,0x0000000088700000)
 Metaspace       used 34593K, capacity 35262K, committed 35496K, reserved 1081344K
  class space    used 4198K, capacity 4346K, committed 4352K, reserved 1048576K
Event: 10.270 GC heap after
Heap after GC invocations=11 (full 2):
 PSYoungGen      total 138752K, used 0K [0x00000000d6f00000, 0x00000000e0300000, 0x0000000100000000)
  eden space 126464K, 0% used [0x00000000d6f00000,0x00000000d6f00000,0x00000000dea80000)
  from space 12288K, 0% used [0x00000000dea80000,0x00000000dea80000,0x00000000df680000)
  to   space 11776K, 0% used [0x00000000df680000,0x00000000df680000,0x00000000e0200000)
 ParOldGen       total 60416K, used 21547K [0x0000000084c00000, 0x0000000088700000, 0x00000000d6f00000)
  object space 60416K, 35% used [0x0000000084c00000,0x000000008610afc0,0x0000000088700000)
 Metaspace       used 34593K, capacity 35262K, committed 35496K, reserved 1081344K
  class space    used 4198K, capacity 4346K, committed 4352K, reserved 1048576K
}
Event: 11.945 GC heap before
{Heap before GC invocations=12 (full 2):
 PSYoungGen      total 138752K, used 126464K [0x00000000d6f00000, 0x00000000e0300000, 0x0000000100000000)
  eden space 126464K, 100% used [0x00000000d6f00000,0x00000000dea80000,0x00000000dea80000)
  from space 12288K, 0% used [0x00000000dea80000,0x00000000dea80000,0x00000000df680000)
  to   space 11776K, 0% used [0x00000000df680000,0x00000000df680000,0x00000000e0200000)
 ParOldGen       total 60416K, used 21547K [0x0000000084c00000, 0x0000000088700000, 0x00000000d6f00000)
  object space 60416K, 35% used [0x0000000084c00000,0x000000008610afc0,0x0000000088700000)
 Metaspace       used 42715K, capacity 43472K, committed 43776K, reserved 1087488K
  class space    used 5412K, capacity 5565K, committed 5632K, reserved 1048576K
Event: 11.961 GC heap after
Heap after GC invocations=12 (full 2):
 PSYoungGen      total 138240K, used 11682K [0x00000000d6f00000, 0x00000000e0300000, 0x0000000100000000)
  eden space 126464K, 0% used [0x00000000d6f00000,0x00000000d6f00000,0x00000000dea80000)
  from space 11776K, 99% used [0x00000000df680000,0x00000000e01e8900,0x00000000e0200000)
  to   space 12288K, 0% used [0x00000000dea80000,0x00000000dea80000,0x00000000df680000)
 ParOldGen       total 60416K, used 21555K [0x0000000084c00000, 0x0000000088700000, 0x00000000d6f00000)
  object space 60416K, 35% used [0x0000000084c00000,0x000000008610cfc0,0x0000000088700000)
 Metaspace       used 42715K, capacity 43472K, committed 43776K, reserved 1087488K
  class space    used 5412K, capacity 5565K, committed 5632K, reserved 1048576K
}
Event: 13.569 GC heap before
{Heap before GC invocations=13 (full 2):
 PSYoungGen      total 138240K, used 138146K [0x00000000d6f00000, 0x00000000e0300000, 0x0000000100000000)
  eden space 126464K, 100% used [0x00000000d6f00000,0x00000000dea80000,0x00000000dea80000)
  from space 11776K, 99% used [0x00000000df680000,0x00000000e01e8900,0x00000000e0200000)
  to   space 12288K, 0% used [0x00000000dea80000,0x00000000dea80000,0x00000000df680000)
 ParOldGen       total 60416K, used 21555K [0x0000000084c00000, 0x0000000088700000, 0x00000000d6f00000)
  object space 60416K, 35% used [0x0000000084c00000,0x000000008610cfc0,0x0000000088700000)
 Metaspace       used 47505K, capacity 48348K, committed 48512K, reserved 1091584K
  class space    used 6091K, capacity 6267K, committed 6272K, reserved 1048576K
Event: 13.595 GC heap after
Heap after GC invocations=13 (full 2):
 PSYoungGen      total 138752K, used 8561K [0x00000000d6f00000, 0x00000000e2c80000, 0x0000000100000000)
  eden space 126464K, 0% used [0x00000000d6f00000,0x00000000d6f00000,0x00000000dea80000)
  from space 12288K, 69% used [0x00000000dea80000,0x00000000df2dc700,0x00000000df680000)
  to   space 13824K, 0% used [0x00000000e1f00000,0x00000000e1f00000,0x00000000e2c80000)
 ParOldGen       total 60416K, used 24072K [0x0000000084c00000, 0x0000000088700000, 0x00000000d6f00000)
  object space 60416K, 39% used [0x0000000084c00000,0x0000000086382010,0x0000000088700000)
 Metaspace       used 47505K, capacity 48348K, committed 48512K, reserved 1091584K
  class space    used 6091K, capacity 6267K, committed 6272K, reserved 1048576K
}

